[debug] [2022-05-20T08:10:18.631Z] ----------------------------------------------------------------------
[debug] [2022-05-20T08:10:18.632Z] Command:       /home/gitpod/.nvm/versions/node/v16.15.0/bin/node /home/gitpod/.nvm/versions/node/v16.15.0/bin/firebase login
[debug] [2022-05-20T08:10:18.633Z] CLI Version:   11.0.0
[debug] [2022-05-20T08:10:18.633Z] Platform:      linux
[debug] [2022-05-20T08:10:18.633Z] Node Version:  v16.15.0
[debug] [2022-05-20T08:10:18.634Z] Time:          Fri May 20 2022 08:10:18 GMT+0000 (Coordinated Universal Time)
[debug] [2022-05-20T08:10:18.634Z] ----------------------------------------------------------------------
[debug] 
[debug] [2022-05-20T08:10:18.636Z] >>> [apiv2][query] GET https://firebase-public.firebaseio.com/cli.json [none]
[info] i  Firebase optionally collects CLI usage and error reporting information to help improve our products. Data is collected in accordance with Google's privacy policy (https://policies.google.com/privacy) and is not used to identify you.
 
[debug] [2022-05-20T08:10:18.858Z] <<< [apiv2][status] GET https://firebase-public.firebaseio.com/cli.json 200
[debug] [2022-05-20T08:10:18.858Z] <<< [apiv2][body] GET https://firebase-public.firebaseio.com/cli.json {"cloudBuildErrorAfter":1594252800000,"cloudBuildWarnAfter":1590019200000,"defaultNode10After":1594252800000,"minVersion":"3.0.5","node8DeploysDisabledAfter":1613390400000,"node8RuntimeDisabledAfter":1615809600000,"node8WarnAfter":1600128000000}
[info] i  To change your data collection preference at any time, run `firebase logout` and log in again. 
[info] 
[info] Visit this URL on this device to log in:
[info] https://accounts.google.com/o/oauth2/auth?client_id=563584335869-fgrhgmd47bqnekij5i8b5pr03ho849e6.apps.googleusercontent.com&scope=email%20openid%20https%3A%2F%2Fwww.googleapis.com%2Fauth%2Fcloudplatformprojects.readonly%20https%3A%2F%2Fwww.googleapis.com%2Fauth%2Ffirebase%20https%3A%2F%2Fwww.googleapis.com%2Fauth%2Fcloud-platform&response_type=code&state=234796000&redirect_uri=http%3A%2F%2Flocalhost%3A9005
[info] 
[info] Waiting for authentication...
[debug] [2022-05-20T08:12:21.169Z] ----------------------------------------------------------------------
[debug] [2022-05-20T08:12:21.171Z] Command:       /home/gitpod/.nvm/versions/node/v16.15.0/bin/node /home/gitpod/.nvm/versions/node/v16.15.0/bin/firebase login
[debug] [2022-05-20T08:12:21.171Z] CLI Version:   11.0.0
[debug] [2022-05-20T08:12:21.171Z] Platform:      linux
[debug] [2022-05-20T08:12:21.171Z] Node Version:  v16.15.0
[debug] [2022-05-20T08:12:21.171Z] Time:          Fri May 20 2022 08:12:21 GMT+0000 (Coordinated Universal Time)
[debug] [2022-05-20T08:12:21.172Z] ----------------------------------------------------------------------
[debug] 
[info] i  Firebase optionally collects CLI usage and error reporting information to help improve our products. Data is collected in accordance with Google's privacy policy (https://policies.google.com/privacy) and is not used to identify you.
 
[info] i  To change your data collection preference at any time, run `firebase logout` and log in again. 
[info] 
[info] Visit this URL on this device to log in:
[info] https://accounts.google.com/o/oauth2/auth?client_id=563584335869-fgrhgmd47bqnekij5i8b5pr03ho849e6.apps.googleusercontent.com&scope=email%20openid%20https%3A%2F%2Fwww.googleapis.com%2Fauth%2Fcloudplatformprojects.readonly%20https%3A%2F%2Fwww.googleapis.com%2Fauth%2Ffirebase%20https%3A%2F%2Fwww.googleapis.com%2Fauth%2Fcloud-platform&response_type=code&state=169734687&redirect_uri=http%3A%2F%2Flocalhost%3A9005
[info] 
[info] Waiting for authentication...
